Arguments: 
  /usr/local/Cellar/node/12.6.0/bin/node /usr/local/Cellar/yarn/1.17.3/libexec/bin/yarn.js add node-schedule --save

PATH: 
  //anaconda3/bin://anaconda3/condabin:/usr/local/bin:/usr/bin:/bin:/usr/sbin:/sbin:/opt/X11/bin

Yarn version: 
  1.17.3

Node version: 
  12.6.0

Platform: 
  darwin x64

Trace: 
  Error: EACCES: permission denied, mkdir '/Users/henrydewey/Desktop/hydroponics/node_modules/body-parser/node_modules'

npm manifest: 
  {
    "name": "hydroponics",
    "version": "1.0.0",
    "description": "pi server for my hydroponic system",
    "main": "server.js",
    "scripts": {
      "test": "echo \"Error: no test specified\" && exit 1",
      "start": "node server.js"
    },
    "repository": {
      "type": "git",
      "url": "git+https://github.com/hdewey/hydroponics.git"
    },
    "author": "Henry Dewey",
    "license": "MIT",
    "bugs": {
      "url": "https://github.com/hdewey/hydroponics/issues"
    },
    "homepage": "https://github.com/hdewey/hydroponics#readme",
    "dependencies": {
      "async": "^3.1.1",
      "express": "^4.17.1",
      "firebase-admin": "^8.9.2",
      "gulp": "^4.0.2",
      "gulp-env": "^0.4.0",
      "gulp-nodemon": "^2.4.2",
      "node-dht-sensor": "^0.4.0",
      "node-schedule": "^1.3.2",
      "onoff": "^5.0.1",
      "socket.io": "^2.3.0"
    }
  }

yarn manifest: 
  No manifest

Lockfile: 
  No lockfile
